<?xml version="1.0" encoding="utf-8"?><testsuites><testsuite errors="0" failures="0" hostname="bb1806c0d539" name="pytest" skipped="52" tests="158" time="49.930" timestamp="2022-07-28T00:08:59.440287"><testcase classname="module_utils.test_netapp" file="module_utils/test_netapp.py" line="129" name="test_get_token_refresh" time="0.010"><system-out>token_type access_token
</system-out></testcase><testcase classname="module_utils.test_netapp" file="module_utils/test_netapp.py" line="122" name="test_missing_params" time="0.005"></testcase><testcase classname="module_utils.test_netapp" file="module_utils/test_netapp.py" line="142" name="test_negative_get_token_none" time="0.013"></testcase><testcase classname="module_utils.test_netapp" file="module_utils/test_netapp.py" line="158" name="test_get_token_sa" time="0.013"><system-out>token_type access_token
</system-out></testcase><testcase classname="module_utils.test_netapp" file="module_utils/test_netapp.py" line="175" name="test_negative_get_token" time="0.013"></testcase><testcase classname="module_utils.test_netapp" file="module_utils/test_netapp.py" line="188" name="test_get_json" time="0.033"><system-out>{&apos;key&apos;: &apos;value&apos;} None OCR_id
</system-out></testcase><testcase classname="module_utils.test_netapp" file="module_utils/test_netapp.py" line="203" name="test_get_retries" time="0.014"><system-out>{&apos;key&apos;: &apos;value&apos;} None OCR_id
</system-out></testcase><testcase classname="module_utils.test_netapp" file="module_utils/test_netapp.py" line="221" name="test_get_retries_exceeded" time="0.014"><system-out>None Max retries exceeded with url: None
</system-out></testcase><testcase classname="module_utils.test_netapp" file="module_utils/test_netapp.py" line="238" name="test_empty_get_sent_bad_json" time="0.013"><system-out>None None None
</system-out></testcase><testcase classname="module_utils.test_netapp" file="module_utils/test_netapp.py" line="253" name="test_empty_get_sent_203" time="0.013"><system-out>{} None None
</system-out></testcase><testcase classname="module_utils.test_netapp" file="module_utils/test_netapp.py" line="268" name="test_negative_get_sent_203" time="0.013"><system-out>{&apos;message&apos;: &apos;error message&apos;} error message None
</system-out></testcase><testcase classname="module_utils.test_netapp" file="module_utils/test_netapp.py" line="283" name="test_negative_get_sent_300" time="0.017"><system-out>{} 300 None
</system-out></testcase><testcase classname="module_utils.test_netapp" file="module_utils/test_netapp.py" line="298" name="test_negative_get_raise_http_exc" time="0.016"><system-out>None some exception None
</system-out></testcase><testcase classname="module_utils.test_netapp" file="module_utils/test_netapp.py" line="313" name="test_negative_get_raise_conn_exc" time="0.014"><system-out>None some exception None
</system-out></testcase><testcase classname="module_utils.test_netapp" file="module_utils/test_netapp.py" line="343" name="test_has_feature_success_default" time="0.008"></testcase><testcase classname="module_utils.test_netapp" file="module_utils/test_netapp.py" line="328" name="test_negative_get_raise_oserror_exc" time="0.014"><system-out>None some exception None
</system-out></testcase><testcase classname="module_utils.test_netapp" file="module_utils/test_netapp.py" line="360" name="test_has_feature_success_user_false" time="0.010"><system-out>{&apos;feature_flags&apos;: {&apos;user_deprecation_warning&apos;: False}, &apos;refresh_token&apos;: &apos;ABCDEFGS&apos;}
</system-out></testcase><testcase classname="module_utils.test_netapp" file="module_utils/test_netapp.py" line="351" name="test_has_feature_success_user_true" time="0.009"></testcase><testcase classname="module_utils.test_netapp" file="module_utils/test_netapp.py" line="380" name="test_has_feature_invalid_bool" time="0.010"></testcase><testcase classname="module_utils.test_netapp" file="module_utils/test_netapp.py" line="370" name="test_has_feature_invalid_key" time="0.009"></testcase><testcase classname="module_utils.test_netapp" file="module_utils/test_netapp.py" line="414" name="test_negative_check_task_status" time="0.016"></testcase><testcase classname="module_utils.test_netapp" file="module_utils/test_netapp.py" line="396" name="test_check_task_status" time="0.015"></testcase><testcase classname="module_utils.test_netapp" file="module_utils/test_netapp.py" line="449" name="test_negative_wait_on_completion_failure" time="0.015"></testcase><testcase classname="module_utils.test_netapp" file="module_utils/test_netapp.py" line="433" name="test_wait_on_completion" time="0.015"></testcase><testcase classname="module_utils.test_netapp" file="module_utils/test_netapp.py" line="465" name="test_negative_wait_on_completion_error" time="0.015"></testcase><testcase classname="module_utils.test_netapp" file="module_utils/test_netapp.py" line="482" name="test_negative_wait_on_completion_timeout" time="0.016"></testcase><testcase classname="module_utils.test_netapp_module" file="module_utils/test_netapp_module.py" line="92" name="test_cmp" time="0.005"></testcase><testcase classname="module_utils.test_netapp_module" file="module_utils/test_netapp_module.py" line="100" name="test_set_parameters" time="0.005"></testcase><testcase classname="module_utils.test_netapp_module" file="module_utils/test_netapp_module.py" line="107" name="test_cd_action" time="0.008"></testcase><testcase classname="module_utils.test_netapp_module" file="module_utils/test_netapp_module.py" line="119" name="test_compare_and_update_values" time="0.005"></testcase><testcase classname="module_utils.test_netapp_module" file="module_utils/test_netapp_module.py" line="146" name="test_look_up_working_environment_by_name_in_list" time="0.005"></testcase><testcase classname="module_utils.test_netapp_module" file="module_utils/test_netapp_module.py" line="133" name="test_get_working_environments_info" time="0.011"></testcase><testcase classname="module_utils.test_netapp_module" file="module_utils/test_netapp_module.py" line="154" name="test_get_working_environment_details_by_name" time="0.014"></testcase><testcase classname="module_utils.test_netapp_module" file="module_utils/test_netapp_module.py" line="198" name="test_get_working_environment_details" time="0.014"></testcase><testcase classname="module_utils.test_netapp_module" file="module_utils/test_netapp_module.py" line="278" name="test_create_account" time="0.005"></testcase><testcase classname="module_utils.test_netapp_module" file="module_utils/test_netapp_module.py" line="214" name="test_get_working_environment_detail_for_snapmirror" time="0.016"></testcase><testcase classname="module_utils.test_netapp_module" file="module_utils/test_netapp_module.py" line="301" name="test_get_account_info" time="0.015"></testcase><testcase classname="module_utils.test_netapp_module" file="module_utils/test_netapp_module.py" line="284" name="test_get_or_create_account" time="0.016"></testcase><testcase classname="module_utils.test_netapp_module" file="module_utils/test_netapp_module.py" line="333" name="test_get_accounts_info" time="0.015"></testcase><testcase classname="module_utils.test_netapp_module" file="module_utils/test_netapp_module.py" line="347" name="test_set_api_root_path" time="0.005"></testcase><testcase classname="module_utils.test_netapp_module" file="module_utils/test_netapp_module.py" line="316" name="test_get_account_id" time="0.015"></testcase><testcase classname="module_utils.test_netapp_module" file="module_utils/test_netapp_module.py" line="360" name="test_get_occm_agents_by_account" time="0.013"></testcase><testcase classname="modules.test_na_cloudmanager_aggregate.TestMyModule" file="modules/test_na_cloudmanager_aggregate.py" line="174" name="test_delete_cloudmanager_aggregate_pass" time="0.014"><system-out>Info: test_delete_cloudmanager_aggregate: AnsibleExitJson({&apos;msg&apos;: &apos;Aggregate Deleted&apos;, &apos;changed&apos;: True},)
</system-out></testcase><testcase classname="module_utils.test_netapp_module" file="module_utils/test_netapp_module.py" line="374" name="test_get_occm_agents_by_name" time="0.014"></testcase><testcase classname="module_utils.test_netapp_module" file="module_utils/test_netapp_module.py" line="396" name="test_get_agents_info" time="0.016"></testcase><testcase classname="modules.test_na_cloudmanager_aggregate.TestMyModule" file="modules/test_na_cloudmanager_aggregate.py" line="139" name="test_module_fail_when_required_args_missing" time="0.032"><system-out>Info: missing required arguments: client_id, name, state
</system-out></testcase><testcase classname="module_utils.test_netapp_module" file="module_utils/test_netapp_module.py" line="415" name="test_get_active_agents_info" time="0.015"></testcase><testcase classname="modules.test_na_cloudmanager_aggregate.TestMyModule" file="modules/test_na_cloudmanager_aggregate.py" line="146" name="test_module_fail_when_required_args_present" time="0.012"></testcase><testcase classname="module_utils.test_netapp_module" file="module_utils/test_netapp_module.py" line="443" name="test_get_occm_agent_by_id" time="0.014"></testcase><testcase classname="modules.test_na_cloudmanager_aggregate.TestMyModule" file="modules/test_na_cloudmanager_aggregate.py" line="204" name="test_update_cloudmanager_aggregate_pass" time="0.016"><system-out>Info: test_update_cloudmanager_aggregate: AnsibleExitJson({&apos;msg&apos;: &apos;Aggregate Updated&apos;, &apos;changed&apos;: True},)
</system-out></testcase><testcase classname="module_utils.test_netapp_module" file="module_utils/test_netapp_module.py" line="463" name="test_check_occm_status" time="0.016"></testcase><testcase classname="modules.test_na_cloudmanager_aws_fsx.TestMyModule" file="modules/test_na_cloudmanager_aws_fsx.py" line="123" name="test_create_cloudmanager_aws_fsx_pass" time="0.016"><system-out>Info: test_create_cloudmanager_aws_fsx_pass: AnsibleExitJson({&apos;changed&apos;: True, &apos;working_environment_id&apos;: &apos;abcdefg12345&apos;},)
</system-out></testcase><testcase classname="module_utils.test_netapp_module" file="module_utils/test_netapp_module.py" line="481" name="test_register_agent_to_service" time="0.014"></testcase><testcase classname="modules.test_na_cloudmanager_aws_fsx.TestMyModule" file="modules/test_na_cloudmanager_aws_fsx.py" line="147" name="test_delete_cloudmanager_aws_fsx_pass" time="0.015"><system-out>Info: test_delete_cloudmanager_aws_fsx_pass: AnsibleExitJson({&apos;changed&apos;: True, &apos;working_environment_id&apos;: None},)
</system-out></testcase><testcase classname="modules.test_na_cloudmanager_aws_fsx.TestMyModule" file="modules/test_na_cloudmanager_aws_fsx.py" line="104" name="test_module_fail_when_required_args_missing" time="0.010"><system-out>Info: missing required arguments: name, tenant_id
</system-out></testcase><testcase classname="module_utils.test_netapp_module" file="module_utils/test_netapp_module.py" line="516" name="test_delete_occm" time="0.018"></testcase><testcase classname="modules.test_na_cloudmanager_aws_fsx.TestMyModule" file="modules/test_na_cloudmanager_aws_fsx.py" line="111" name="test_module_fail_when_required_args_present" time="0.013"></testcase><testcase classname="module_utils.test_netapp_module" file="module_utils/test_netapp_module.py" line="531" name="test_delete_occm_agents" time="0.012"></testcase><testcase classname="modules.test_na_cloudmanager_cifs_server.TestMyModule" file="modules/test_na_cloudmanager_cifs_server.py" line="130" name="test_create_cifs_server_idempotency" time="0.016"></testcase><testcase classname="module_utils.test_netapp_module" file="module_utils/test_netapp_module.py" line="555" name="test_get_tenant" time="0.012"></testcase><testcase classname="module_utils.test_netapp_module_open" file="module_utils/test_netapp_module_open.py" line="47" name="test_certificates" time="0.005"><skipped message="skipping as builtins not defined for 2.6 and 2.7" type="pytest.skip">module_utils/test_netapp_module_open.py:47: skipping as builtins not defined for 2.6 and 2.7</skipped></testcase><testcase classname="modules.test_na_cloudmanager_cifs_server.TestMyModule" file="modules/test_na_cloudmanager_cifs_server.py" line="193" name="test_create_cifs_server_successfully" time="0.017"></testcase><testcase classname="modules.test_na_cloudmanager_aggregate.TestMyModule" file="modules/test_na_cloudmanager_aggregate.py" line="233" name="test_create_cloudmanager_aggregate_by_workingenv_name_pass" time="0.015"><system-out>Info: test_create_cloudmanager_aggregate: AnsibleExitJson({&apos;msg&apos;: &apos;Aggregate Created&apos;, &apos;changed&apos;: True},)
</system-out></testcase><testcase classname="modules.test_na_cloudmanager_cifs_server.TestMyModule" file="modules/test_na_cloudmanager_cifs_server.py" line="151" name="test_create_cifs_server_using_workgroup_successfully" time="0.015"></testcase><testcase classname="modules.test_na_cloudmanager_aggregate.TestMyModule" file="modules/test_na_cloudmanager_aggregate.py" line="156" name="test_create_cloudmanager_aggregate_pass" time="0.015"><system-out>Info: test_create_cloudmanager_aggregate: AnsibleExitJson({&apos;msg&apos;: &apos;Aggregate Created&apos;, &apos;changed&apos;: True},)
</system-out></testcase><testcase classname="modules.test_na_cloudmanager_cifs_server.TestMyModule" file="modules/test_na_cloudmanager_cifs_server.py" line="168" name="test_delete_cifs_server_successfully" time="0.020"></testcase><testcase classname="modules.test_na_cloudmanager_cifs_server.TestMyModule" file="modules/test_na_cloudmanager_cifs_server.py" line="217" name="test_delete_cifs_server_with_workingenv_name_successfully" time="0.019"></testcase><testcase classname="modules.test_na_cloudmanager_aggregate.TestMyModule" file="modules/test_na_cloudmanager_aggregate.py" line="257" name="test_delete_cloudmanager_aggregate_by_workingenv_name_pass" time="0.017"><system-out>Info: test_delete_cloudmanager_aggregate: AnsibleExitJson({&apos;msg&apos;: &apos;Aggregate Deleted&apos;, &apos;changed&apos;: True},)
</system-out></testcase><testcase classname="modules.test_na_cloudmanager_connector_aws.TestMyModule" file="modules/test_na_cloudmanager_connector_aws.py" line="128" name="test_create_cloudmanager_connector_aws_pass" time="0.004"><skipped message="skipping as missing required imports on 2.6 and 2.7: No module named boto3" type="pytest.skip">modules/test_na_cloudmanager_connector_aws.py:128: skipping as missing required imports on 2.6 and 2.7: No module named boto3</skipped></testcase><testcase classname="modules.test_na_cloudmanager_cifs_server.TestMyModule" file="modules/test_na_cloudmanager_cifs_server.py" line="106" name="test_module_fail_when_required_args_missing" time="0.010"><system-out>Info: missing required arguments: client_id
</system-out></testcase><testcase classname="modules.test_na_cloudmanager_connector_aws.TestMyModule" file="modules/test_na_cloudmanager_connector_aws.py" line="338" name="test_create_instance" time="0.006"><skipped message="skipping as missing required imports on 2.6 and 2.7: No module named boto3" type="pytest.skip">modules/test_na_cloudmanager_connector_aws.py:338: skipping as missing required imports on 2.6 and 2.7: No module named boto3</skipped></testcase><testcase classname="modules.test_na_cloudmanager_connector_aws.TestMyModule" file="modules/test_na_cloudmanager_connector_aws.py" line="625" name="test_delete_instance_account_id_not_found" time="0.004"><skipped message="skipping as missing required imports on 2.6 and 2.7: No module named boto3" type="pytest.skip">modules/test_na_cloudmanager_connector_aws.py:625: skipping as missing required imports on 2.6 and 2.7: No module named boto3</skipped></testcase><testcase classname="modules.test_na_cloudmanager_connector_aws.TestMyModule" file="modules/test_na_cloudmanager_connector_aws.py" line="588" name="test_delete_instance_client_id_not_found_403" time="0.005"><skipped message="skipping as missing required imports on 2.6 and 2.7: No module named boto3" type="pytest.skip">modules/test_na_cloudmanager_connector_aws.py:588: skipping as missing required imports on 2.6 and 2.7: No module named boto3</skipped></testcase><testcase classname="modules.test_na_cloudmanager_connector_aws.TestMyModule" file="modules/test_na_cloudmanager_connector_aws.py" line="437" name="test_create_instance_error_in_get_account" time="0.003"><skipped message="skipping as missing required imports on 2.6 and 2.7: No module named boto3" type="pytest.skip">modules/test_na_cloudmanager_connector_aws.py:437: skipping as missing required imports on 2.6 and 2.7: No module named boto3</skipped></testcase><testcase classname="modules.test_na_cloudmanager_connector_aws.TestMyModule" file="modules/test_na_cloudmanager_connector_aws.py" line="607" name="test_delete_instance_client_id_not_found_other" time="0.007"><skipped message="skipping as missing required imports on 2.6 and 2.7: No module named boto3" type="pytest.skip">modules/test_na_cloudmanager_connector_aws.py:607: skipping as missing required imports on 2.6 and 2.7: No module named boto3</skipped></testcase><testcase classname="modules.test_na_cloudmanager_connector_aws.TestMyModule" file="modules/test_na_cloudmanager_connector_aws.py" line="413" name="test_create_instance_error_in_get_agent" time="0.003"><skipped message="skipping as missing required imports on 2.6 and 2.7: No module named boto3" type="pytest.skip">modules/test_na_cloudmanager_connector_aws.py:413: skipping as missing required imports on 2.6 and 2.7: No module named boto3</skipped></testcase><testcase classname="modules.test_na_cloudmanager_connector_aws.TestMyModule" file="modules/test_na_cloudmanager_connector_aws.py" line="572" name="test_delete_instance_error_on_agent" time="0.003"><skipped message="skipping as missing required imports on 2.6 and 2.7: No module named boto3" type="pytest.skip">modules/test_na_cloudmanager_connector_aws.py:572: skipping as missing required imports on 2.6 and 2.7: No module named boto3</skipped></testcase><testcase classname="modules.test_na_cloudmanager_connector_aws.TestMyModule" file="modules/test_na_cloudmanager_connector_aws.py" line="485" name="test_create_instance_error_in_open" time="0.003"><skipped message="skipping as missing required imports on 2.6 and 2.7: No module named boto3" type="pytest.skip">modules/test_na_cloudmanager_connector_aws.py:485: skipping as missing required imports on 2.6 and 2.7: No module named boto3</skipped></testcase><testcase classname="modules.test_na_cloudmanager_connector_aws.TestMyModule" file="modules/test_na_cloudmanager_connector_aws.py" line="556" name="test_delete_instance_timeout" time="0.003"><skipped message="skipping as missing required imports on 2.6 and 2.7: No module named boto3" type="pytest.skip">modules/test_na_cloudmanager_connector_aws.py:556: skipping as missing required imports on 2.6 and 2.7: No module named boto3</skipped></testcase><testcase classname="modules.test_na_cloudmanager_connector_aws.TestMyModule" file="modules/test_na_cloudmanager_connector_aws.py" line="460" name="test_create_instance_error_in_register" time="0.003"><skipped message="skipping as missing required imports on 2.6 and 2.7: No module named boto3" type="pytest.skip">modules/test_na_cloudmanager_connector_aws.py:460: skipping as missing required imports on 2.6 and 2.7: No module named boto3</skipped></testcase><testcase classname="modules.test_na_cloudmanager_connector_aws.TestMyModule" file="modules/test_na_cloudmanager_connector_aws.py" line="357" name="test_create_instance_no_ami_with_tags" time="0.003"><skipped message="skipping as missing required imports on 2.6 and 2.7: No module named boto3" type="pytest.skip">modules/test_na_cloudmanager_connector_aws.py:357: skipping as missing required imports on 2.6 and 2.7: No module named boto3</skipped></testcase><testcase classname="modules.test_na_cloudmanager_connector_aws.TestMyModule" file="modules/test_na_cloudmanager_connector_aws.py" line="532" name="test_delete_no_client" time="0.003"><skipped message="skipping as missing required imports on 2.6 and 2.7: No module named boto3" type="pytest.skip">modules/test_na_cloudmanager_connector_aws.py:532: skipping as missing required imports on 2.6 and 2.7: No module named boto3</skipped></testcase><testcase classname="modules.test_na_cloudmanager_connector_aws.TestMyModule" file="modules/test_na_cloudmanager_connector_aws.py" line="389" name="test_create_instance_timeout" time="0.004"><skipped message="skipping as missing required imports on 2.6 and 2.7: No module named boto3" type="pytest.skip">modules/test_na_cloudmanager_connector_aws.py:389: skipping as missing required imports on 2.6 and 2.7: No module named boto3</skipped></testcase><testcase classname="modules.test_na_cloudmanager_connector_aws.TestMyModule" file="modules/test_na_cloudmanager_connector_aws.py" line="212" name="test_delete_cloudmanager_connector_aws_negative_no_instance" time="0.005"><skipped message="skipping as missing required imports on 2.6 and 2.7: No module named boto3" type="pytest.skip">modules/test_na_cloudmanager_connector_aws.py:212: skipping as missing required imports on 2.6 and 2.7: No module named boto3</skipped></testcase><testcase classname="modules.test_na_cloudmanager_connector_aws.TestMyModule" file="modules/test_na_cloudmanager_connector_aws.py" line="152" name="test_delete_cloudmanager_connector_aws_pass" time="0.005"><skipped message="skipping as missing required imports on 2.6 and 2.7: No module named boto3" type="pytest.skip">modules/test_na_cloudmanager_connector_aws.py:152: skipping as missing required imports on 2.6 and 2.7: No module named boto3</skipped></testcase><testcase classname="modules.test_na_cloudmanager_connector_aws.TestMyModule" file="modules/test_na_cloudmanager_connector_aws.py" line="177" name="test_delete_cloudmanager_connector_aws_pass_no_ids" time="0.004"><skipped message="skipping as missing required imports on 2.6 and 2.7: No module named boto3" type="pytest.skip">modules/test_na_cloudmanager_connector_aws.py:177: skipping as missing required imports on 2.6 and 2.7: No module named boto3</skipped></testcase><testcase classname="modules.test_na_cloudmanager_connector_aws.TestMyModule" file="modules/test_na_cloudmanager_connector_aws.py" line="246" name="test_get_instance_empty" time="0.004"><skipped message="skipping as missing required imports on 2.6 and 2.7: No module named boto3" type="pytest.skip">modules/test_na_cloudmanager_connector_aws.py:246: skipping as missing required imports on 2.6 and 2.7: No module named boto3</skipped></testcase><testcase classname="modules.test_na_cloudmanager_connector_aws.TestMyModule" file="modules/test_na_cloudmanager_connector_aws.py" line="513" name="test_delete_instance" time="0.003"><skipped message="skipping as missing required imports on 2.6 and 2.7: No module named boto3" type="pytest.skip">modules/test_na_cloudmanager_connector_aws.py:513: skipping as missing required imports on 2.6 and 2.7: No module named boto3</skipped></testcase><testcase classname="modules.test_na_cloudmanager_connector_aws.TestMyModule" file="modules/test_na_cloudmanager_connector_aws.py" line="323" name="test_get_instance_exception" time="0.004"><skipped message="skipping as missing required imports on 2.6 and 2.7: No module named boto3" type="pytest.skip">modules/test_na_cloudmanager_connector_aws.py:323: skipping as missing required imports on 2.6 and 2.7: No module named boto3</skipped></testcase><testcase classname="modules.test_na_cloudmanager_connector_gcp" file="modules/test_na_cloudmanager_connector_gcp.py" line="148" name="test_create_cloudmanager_connector_gcp_pass" time="0.003"><skipped message="skipping as missing required google packages on 2.6 and 2.7" type="pytest.skip">modules/test_na_cloudmanager_connector_gcp.py:148: skipping as missing required google packages on 2.6 and 2.7</skipped></testcase><testcase classname="modules.test_na_cloudmanager_connector_gcp" file="modules/test_na_cloudmanager_connector_gcp.py" line="174" name="test_delete_cloudmanager_connector_gcp_pass" time="0.003"><skipped message="skipping as missing required google packages on 2.6 and 2.7" type="pytest.skip">modules/test_na_cloudmanager_connector_gcp.py:174: skipping as missing required google packages on 2.6 and 2.7</skipped></testcase><testcase classname="modules.test_na_cloudmanager_connector_aws.TestMyModule" file="modules/test_na_cloudmanager_connector_aws.py" line="306" name="test_get_instance_many_but_only_one_active" time="0.004"><skipped message="skipping as missing required imports on 2.6 and 2.7: No module named boto3" type="pytest.skip">modules/test_na_cloudmanager_connector_aws.py:306: skipping as missing required imports on 2.6 and 2.7: No module named boto3</skipped></testcase><testcase classname="modules.test_na_cloudmanager_connector_gcp" file="modules/test_na_cloudmanager_connector_gcp.py" line="248" name="test_delete_occm_gcp_pass" time="0.003"><skipped message="skipping as missing required google packages on 2.6 and 2.7" type="pytest.skip">modules/test_na_cloudmanager_connector_gcp.py:248: skipping as missing required google packages on 2.6 and 2.7</skipped></testcase><testcase classname="modules.test_na_cloudmanager_connector_aws.TestMyModule" file="modules/test_na_cloudmanager_connector_aws.py" line="274" name="test_get_instance_many_terminated" time="0.006"><skipped message="skipping as missing required imports on 2.6 and 2.7: No module named boto3" type="pytest.skip">modules/test_na_cloudmanager_connector_aws.py:274: skipping as missing required imports on 2.6 and 2.7: No module named boto3</skipped></testcase><testcase classname="modules.test_na_cloudmanager_connector_gcp" file="modules/test_na_cloudmanager_connector_gcp.py" line="270" name="test_create_occm_gcp_pass" time="0.003"><skipped message="skipping as missing required google packages on 2.6 and 2.7" type="pytest.skip">modules/test_na_cloudmanager_connector_gcp.py:270: skipping as missing required google packages on 2.6 and 2.7</skipped></testcase><testcase classname="modules.test_na_cloudmanager_connector_gcp" file="modules/test_na_cloudmanager_connector_gcp.py" line="292" name="test_get_deploy_vm_pass" time="0.003"><skipped message="skipping as missing required google packages on 2.6 and 2.7" type="pytest.skip">modules/test_na_cloudmanager_connector_gcp.py:292: skipping as missing required google packages on 2.6 and 2.7</skipped></testcase><testcase classname="modules.test_na_cloudmanager_connector_aws.TestMyModule" file="modules/test_na_cloudmanager_connector_aws.py" line="260" name="test_get_instance_one" time="0.004"><skipped message="skipping as missing required imports on 2.6 and 2.7: No module named boto3" type="pytest.skip">modules/test_na_cloudmanager_connector_aws.py:260: skipping as missing required imports on 2.6 and 2.7: No module named boto3</skipped></testcase><testcase classname="modules.test_na_cloudmanager_connector_aws.TestMyModule" file="modules/test_na_cloudmanager_connector_aws.py" line="646" name="test_modify_instance" time="0.005"><skipped message="skipping as missing required imports on 2.6 and 2.7: No module named boto3" type="pytest.skip">modules/test_na_cloudmanager_connector_aws.py:646: skipping as missing required imports on 2.6 and 2.7: No module named boto3</skipped></testcase><testcase classname="modules.test_na_cloudmanager_connector_gcp" file="modules/test_na_cloudmanager_connector_gcp.py" line="310" name="test_get_occm_agents_absent_pass" time="0.003"><skipped message="skipping as missing required google packages on 2.6 and 2.7" type="pytest.skip">modules/test_na_cloudmanager_connector_gcp.py:310: skipping as missing required google packages on 2.6 and 2.7</skipped></testcase><testcase classname="modules.test_na_cloudmanager_connector_gcp" file="modules/test_na_cloudmanager_connector_gcp.py" line="328" name="test_get_occm_agents_present_pass" time="0.005"><skipped message="skipping as missing required google packages on 2.6 and 2.7" type="pytest.skip">modules/test_na_cloudmanager_connector_gcp.py:328: skipping as missing required google packages on 2.6 and 2.7</skipped></testcase><testcase classname="modules.test_na_cloudmanager_connector_aws.TestMyModule" file="modules/test_na_cloudmanager_connector_aws.py" line="111" name="test_module_fail_when_required_args_missing" time="0.004"><skipped message="skipping as missing required imports on 2.6 and 2.7: No module named boto3" type="pytest.skip">modules/test_na_cloudmanager_connector_aws.py:111: skipping as missing required imports on 2.6 and 2.7: No module named boto3</skipped></testcase><testcase classname="modules.test_na_cloudmanager_connector_aws.TestMyModule" file="modules/test_na_cloudmanager_connector_aws.py" line="118" name="test_module_fail_when_required_args_present" time="0.004"><skipped message="skipping as missing required imports on 2.6 and 2.7: No module named boto3" type="pytest.skip">modules/test_na_cloudmanager_connector_aws.py:118: skipping as missing required imports on 2.6 and 2.7: No module named boto3</skipped></testcase><testcase classname="modules.test_na_cloudmanager_connector_gcp" file="modules/test_na_cloudmanager_connector_gcp.py" line="346" name="test_create_idempotent" time="0.005"><skipped message="skipping as missing required google packages on 2.6 and 2.7" type="pytest.skip">modules/test_na_cloudmanager_connector_gcp.py:346: skipping as missing required google packages on 2.6 and 2.7</skipped></testcase><testcase classname="modules.test_na_cloudmanager_connector_gcp" file="modules/test_na_cloudmanager_connector_gcp.py" line="367" name="test_delete_idempotent" time="0.004"><skipped message="skipping as missing required google packages on 2.6 and 2.7" type="pytest.skip">modules/test_na_cloudmanager_connector_gcp.py:367: skipping as missing required google packages on 2.6 and 2.7</skipped></testcase><testcase classname="modules.test_na_cloudmanager_connector_azure" file="modules/test_na_cloudmanager_connector_azure.py" line="123" name="test_module_fail_when_required_args_missing" time="0.007"><skipped message="skipping as missing required imports on 2.6 and 2.7: No module named azure.mgmt.resource" type="pytest.skip">modules/test_na_cloudmanager_connector_azure.py:123: skipping as missing required imports on 2.6 and 2.7: No module named azure.mgmt.resource</skipped></testcase><testcase classname="modules.test_na_cloudmanager_cvo_aws.TestMyModule" file="modules/test_na_cloudmanager_cvo_aws.py" line="336" name="test_change_cloudmanager_cvo_aws" time="0.003"><skipped message="skipping as missing required imports on 2.6 and 2.7: No module named boto3" type="pytest.skip">modules/test_na_cloudmanager_cvo_aws.py:336: skipping as missing required imports on 2.6 and 2.7: No module named boto3</skipped></testcase><testcase classname="modules.test_na_cloudmanager_connector_azure" file="modules/test_na_cloudmanager_connector_azure.py" line="131" name="test_module_fail_when_required_args_present" time="0.003"><skipped message="skipping as missing required imports on 2.6 and 2.7: No module named azure.mgmt.resource" type="pytest.skip">modules/test_na_cloudmanager_connector_azure.py:131: skipping as missing required imports on 2.6 and 2.7: No module named azure.mgmt.resource</skipped></testcase><testcase classname="modules.test_na_cloudmanager_cvo_aws.TestMyModule" file="modules/test_na_cloudmanager_cvo_aws.py" line="193" name="test_create_cloudmanager_cvo_aws_capacity_license_pass" time="0.004"><skipped message="skipping as missing required imports on 2.6 and 2.7: No module named boto3" type="pytest.skip">modules/test_na_cloudmanager_cvo_aws.py:193: skipping as missing required imports on 2.6 and 2.7: No module named boto3</skipped></testcase><testcase classname="modules.test_na_cloudmanager_connector_azure" file="modules/test_na_cloudmanager_connector_azure.py" line="142" name="test_create_cloudmanager_connector_azure_pass" time="0.003"><skipped message="skipping as missing required imports on 2.6 and 2.7: No module named azure.mgmt.resource" type="pytest.skip">modules/test_na_cloudmanager_connector_azure.py:142: skipping as missing required imports on 2.6 and 2.7: No module named azure.mgmt.resource</skipped></testcase><testcase classname="modules.test_na_cloudmanager_cvo_aws.TestMyModule" file="modules/test_na_cloudmanager_cvo_aws.py" line="223" name="test_create_cloudmanager_cvo_aws_ha_capacity_license_pass" time="0.003"><skipped message="skipping as missing required imports on 2.6 and 2.7: No module named boto3" type="pytest.skip">modules/test_na_cloudmanager_cvo_aws.py:223: skipping as missing required imports on 2.6 and 2.7: No module named boto3</skipped></testcase><testcase classname="modules.test_na_cloudmanager_connector_azure" file="modules/test_na_cloudmanager_connector_azure.py" line="161" name="test_delete_cloudmanager_connector_azure_pass" time="0.003"><skipped message="skipping as missing required imports on 2.6 and 2.7: No module named azure.mgmt.resource" type="pytest.skip">modules/test_na_cloudmanager_connector_azure.py:161: skipping as missing required imports on 2.6 and 2.7: No module named azure.mgmt.resource</skipped></testcase><testcase classname="modules.test_na_cloudmanager_cvo_aws.TestMyModule" file="modules/test_na_cloudmanager_cvo_aws.py" line="283" name="test_create_cloudmanager_cvo_aws_ha_nodebase_license_pass" time="0.003"><skipped message="skipping as missing required imports on 2.6 and 2.7: No module named boto3" type="pytest.skip">modules/test_na_cloudmanager_cvo_aws.py:283: skipping as missing required imports on 2.6 and 2.7: No module named boto3</skipped></testcase><testcase classname="modules.test_na_cloudmanager_connector_gcp" file="modules/test_na_cloudmanager_connector_gcp.py" line="127" name="test_module_fail_when_required_args_missing" time="0.005"><skipped message="skipping as missing required google packages on 2.6 and 2.7" type="pytest.skip">modules/test_na_cloudmanager_connector_gcp.py:127: skipping as missing required google packages on 2.6 and 2.7</skipped></testcase><testcase classname="modules.test_na_cloudmanager_cvo_aws.TestMyModule" file="modules/test_na_cloudmanager_cvo_aws.py" line="162" name="test_create_cloudmanager_cvo_aws_ha_pass" time="0.004"><skipped message="skipping as missing required imports on 2.6 and 2.7: No module named boto3" type="pytest.skip">modules/test_na_cloudmanager_cvo_aws.py:162: skipping as missing required imports on 2.6 and 2.7: No module named boto3</skipped></testcase><testcase classname="modules.test_na_cloudmanager_connector_gcp" file="modules/test_na_cloudmanager_connector_gcp.py" line="135" name="test_module_fail_when_required_args_present" time="0.003"><skipped message="skipping as missing required google packages on 2.6 and 2.7" type="pytest.skip">modules/test_na_cloudmanager_connector_gcp.py:135: skipping as missing required google packages on 2.6 and 2.7</skipped></testcase><testcase classname="modules.test_na_cloudmanager_cvo_aws.TestMyModule" file="modules/test_na_cloudmanager_cvo_aws.py" line="255" name="test_create_cloudmanager_cvo_aws_nodebase_license_pass" time="0.003"><skipped message="skipping as missing required imports on 2.6 and 2.7: No module named boto3" type="pytest.skip">modules/test_na_cloudmanager_cvo_aws.py:255: skipping as missing required imports on 2.6 and 2.7: No module named boto3</skipped></testcase><testcase classname="modules.test_na_cloudmanager_cvo_aws.TestMyModule" file="modules/test_na_cloudmanager_cvo_aws.py" line="136" name="test_create_cloudmanager_cvo_aws_pass" time="0.003"><skipped message="skipping as missing required imports on 2.6 and 2.7: No module named boto3" type="pytest.skip">modules/test_na_cloudmanager_cvo_aws.py:136: skipping as missing required imports on 2.6 and 2.7: No module named boto3</skipped></testcase><testcase classname="modules.test_na_cloudmanager_cvo_aws.TestMyModule" file="modules/test_na_cloudmanager_cvo_aws.py" line="314" name="test_delete_cloudmanager_cvo_aws_pass" time="0.003"><skipped message="skipping as missing required imports on 2.6 and 2.7: No module named boto3" type="pytest.skip">modules/test_na_cloudmanager_cvo_aws.py:314: skipping as missing required imports on 2.6 and 2.7: No module named boto3</skipped></testcase><testcase classname="modules.test_na_cloudmanager_cvo_azure.TestMyModule" file="modules/test_na_cloudmanager_cvo_azure.py" line="207" name="test_create_cloudmanager_cvo_azure_ha_capacity_license_pass" time="0.018"><system-out>Info: test_create_cloudmanager_cvo_azure_ha_capacity_license_pass: AnsibleExitJson({&apos;changed&apos;: True, &apos;working_environment_id&apos;: &apos;abcdefg12345&apos;},)
</system-out></testcase><testcase classname="modules.test_na_cloudmanager_cvo_aws.TestMyModule" file="modules/test_na_cloudmanager_cvo_aws.py" line="119" name="test_module_fail_when_required_args_missing" time="0.004"><skipped message="skipping as missing required imports on 2.6 and 2.7: No module named boto3" type="pytest.skip">modules/test_na_cloudmanager_cvo_aws.py:119: skipping as missing required imports on 2.6 and 2.7: No module named boto3</skipped></testcase><testcase classname="modules.test_na_cloudmanager_cvo_azure.TestMyModule" file="modules/test_na_cloudmanager_cvo_azure.py" line="262" name="test_create_cloudmanager_cvo_azure_ha_nodebase_license_pass" time="0.018"><system-out>Info: test_create_cloudmanager_cvo_azure_pass: AnsibleExitJson({&apos;changed&apos;: True, &apos;working_environment_id&apos;: &apos;abcdefg12345&apos;},)
</system-out></testcase><testcase classname="modules.test_na_cloudmanager_cvo_aws.TestMyModule" file="modules/test_na_cloudmanager_cvo_aws.py" line="126" name="test_module_fail_when_required_args_present" time="0.003"><skipped message="skipping as missing required imports on 2.6 and 2.7: No module named boto3" type="pytest.skip">modules/test_na_cloudmanager_cvo_aws.py:126: skipping as missing required imports on 2.6 and 2.7: No module named boto3</skipped></testcase><testcase classname="modules.test_na_cloudmanager_cvo_azure.TestMyModule" file="modules/test_na_cloudmanager_cvo_azure.py" line="292" name="test_create_cloudmanager_cvo_azure_ha_pass" time="0.018"><system-out>Info: test_create_cloudmanager_cvo_azure_ha_pass: AnsibleExitJson({&apos;changed&apos;: True, &apos;working_environment_id&apos;: &apos;abcdefg12345&apos;},)
</system-out></testcase><testcase classname="modules.test_na_cloudmanager_cvo_azure.TestMyModule" file="modules/test_na_cloudmanager_cvo_azure.py" line="236" name="test_create_cloudmanager_cvo_azure_nodebase_license_pass" time="0.017"><system-out>Info: test_create_cloudmanager_cvo_azure_nodebase_license_pass: AnsibleExitJson({&apos;changed&apos;: True, &apos;working_environment_id&apos;: &apos;abcdefg12345&apos;},)
</system-out></testcase><testcase classname="modules.test_na_cloudmanager_cvo_azure.TestMyModule" file="modules/test_na_cloudmanager_cvo_azure.py" line="155" name="test_create_cloudmanager_cvo_azure_pass" time="0.016"><system-out>Info: test_create_cloudmanager_cvo_azure_pass: AnsibleExitJson({&apos;changed&apos;: True, &apos;working_environment_id&apos;: &apos;abcdefg12345&apos;},)
</system-out></testcase><testcase classname="modules.test_na_cloudmanager_cvo_azure.TestMyModule" file="modules/test_na_cloudmanager_cvo_azure.py" line="320" name="test_delete_cloudmanager_cvo_azure_pass" time="0.015"><system-out>Info: test_delete_cloudmanager_cvo_azure_pass: AnsibleExitJson({&apos;changed&apos;: True, &apos;working_environment_id&apos;: None},)
</system-out></testcase><testcase classname="modules.test_na_cloudmanager_cvo_gcp.TestMyModule" file="modules/test_na_cloudmanager_cvo_gcp.py" line="236" name="test_create_cloudmanager_cvo_gcp_ha_capacity_license_pass" time="0.019"><system-out>Info: test_create_cloudmanager_cvo_gcp_pass: AnsibleExitJson({&apos;changed&apos;: True, &apos;working_environment_id&apos;: &apos;abcdefg12345&apos;},)
</system-out></testcase><testcase classname="modules.test_na_cloudmanager_cvo_gcp.TestMyModule" file="modules/test_na_cloudmanager_cvo_gcp.py" line="302" name="test_create_cloudmanager_cvo_gcp_ha_nodebase_license_pass" time="0.018"><system-out>Info: test_create_cloudmanager_cvo_gcp_pass: AnsibleExitJson({&apos;changed&apos;: True, &apos;working_environment_id&apos;: &apos;abcdefg12345&apos;},)
</system-out></testcase><testcase classname="modules.test_na_cloudmanager_cvo_gcp.TestMyModule" file="modules/test_na_cloudmanager_cvo_gcp.py" line="171" name="test_create_cloudmanager_cvo_gcp_ha_pass" time="0.020"><system-out>Info: test_create_cloudmanager_cvo_gcp_ha_pass: AnsibleExitJson({&apos;changed&apos;: True, &apos;working_environment_id&apos;: &apos;abcdefg12345&apos;},)
</system-out></testcase><testcase classname="modules.test_na_cloudmanager_cvo_gcp.TestMyModule" file="modules/test_na_cloudmanager_cvo_gcp.py" line="274" name="test_create_cloudmanager_cvo_gcp_nodebase_license_pass" time="0.019"><system-out>Info: test_create_cloudmanager_cvo_gcp_pass: AnsibleExitJson({&apos;changed&apos;: True, &apos;working_environment_id&apos;: &apos;abcdefg12345&apos;},)
</system-out></testcase><testcase classname="modules.test_na_cloudmanager_cvo_gcp.TestMyModule" file="modules/test_na_cloudmanager_cvo_gcp.py" line="147" name="test_create_cloudmanager_cvo_gcp_pass" time="0.019"><system-out>Info: test_create_cloudmanager_cvo_gcp_pass: AnsibleExitJson({&apos;changed&apos;: True, &apos;working_environment_id&apos;: &apos;abcdefg12345&apos;},)
</system-out></testcase><testcase classname="modules.test_na_cloudmanager_cvo_gcp.TestMyModule" file="modules/test_na_cloudmanager_cvo_gcp.py" line="340" name="test_delete_cloudmanager_cvo_gcp_pass" time="0.020"><system-out>Info: test_delete_cloudmanager_cvo_gcp_pass: AnsibleExitJson({&apos;changed&apos;: True, &apos;working_environment_id&apos;: None},)
</system-out></testcase><testcase classname="modules.test_na_cloudmanager_cvo_gcp.TestMyModule" file="modules/test_na_cloudmanager_cvo_gcp.py" line="110" name="test_module_fail_when_required_args_missing" time="0.011"><system-out>Info: missing required arguments: client_id, gcp_service_account, name, project_id, vpc_id, zone
</system-out></testcase><testcase classname="modules.test_na_cloudmanager_cvo_gcp.TestMyModule" file="modules/test_na_cloudmanager_cvo_gcp.py" line="137" name="test_module_fail_when_required_args_present" time="0.016"></testcase><testcase classname="modules.test_na_cloudmanager_info" file="modules/test_na_cloudmanager_info.py" line="100" name="test_module_fail_when_required_args_missing" time="0.013"><system-out>Info: missing required arguments: client_id
</system-out></testcase><testcase classname="modules.test_na_cloudmanager_info" file="modules/test_na_cloudmanager_info.py" line="108" name="test_get_working_environments_info" time="0.017"><system-out>Info: test_create_cloudmanager_info: AnsibleExitJson({&apos;info&apos;: {&apos;working_environments_info&apos;: ({&apos;vsaWorkingEnvironments&apos;: [{&apos;publicId&apos;: &apos;VsaWorkingEnvironment-aws12345&apos;, &apos;name&apos;: &apos;testAWS&apos;, &apos;tenantId&apos;: &apos;Tenant-2345&apos;, &apos;isHA&apos;: False, &apos;cloudProviderName&apos;: &apos;Amazon&apos;, &apos;workingEnvironmentType&apos;: &apos;VSA&apos;, &apos;creatorUserEmail&apos;: &apos;samlp|NetAppSAML|testuser&apos;}, {&apos;publicId&apos;: &apos;VsaWorkingEnvironment-awsha345&apos;, &apos;name&apos;: &apos;testAWSHA&apos;, &apos;tenantId&apos;: &apos;Tenant-2345&apos;, &apos;isHA&apos;: True, &apos;cloudProviderName&apos;: &apos;Amazon&apos;, &apos;workingEnvironmentType&apos;: &apos;VSA&apos;, &apos;creatorUserEmail&apos;: &apos;samlp|NetAppSAML|testuser&apos;}], &apos;onPremWorkingEnvironments&apos;: [], &apos;gcpVsaWorkingEnvironments&apos;: [], &apos;azureVsaWorkingEnvironments&apos;: [{&apos;publicId&apos;: &apos;VsaWorkingEnvironment-az123456&apos;, &apos;name&apos;: &apos;testazure&apos;, &apos;tenantId&apos;: &apos;Tenant-2345&apos;, &apos;isHA&apos;: False, &apos;cloudProviderName&apos;: &apos;Azure&apos;, &apos;workingEnvironmentType&apos;: &apos;VSA&apos;, &apos;creatorUserEmail&apos;: &apos;samlp|NetAppSAML|testuser&apos;}]}, None)}, &apos;changed&apos;: False},)
</system-out></testcase><testcase classname="modules.test_na_cloudmanager_cvo_azure.TestMyModule" file="modules/test_na_cloudmanager_cvo_azure.py" line="342" name="test_change_cloudmanager_cvo_azure" time="15.061"><system-out>Info: test_change_cloudmanager_cvo_azure: AnsibleExitJson({&apos;changed&apos;: True, &apos;working_environment_id&apos;: &apos;test&apos;},)
</system-out></testcase><testcase classname="modules.test_na_cloudmanager_cvo_azure.TestMyModule" file="modules/test_na_cloudmanager_cvo_azure.py" line="179" name="test_create_cloudmanager_cvo_azure_capacity_license_pass" time="0.019"><system-out>Info: test_create_cloudmanager_cvo_azure_capacity_license_pass: AnsibleExitJson({&apos;changed&apos;: True, &apos;working_environment_id&apos;: &apos;abcdefg12345&apos;},)
</system-out></testcase><testcase classname="modules.test_na_cloudmanager_cvo_azure.TestMyModule" file="modules/test_na_cloudmanager_cvo_azure.py" line="137" name="test_module_fail_when_required_args_missing" time="0.016"><system-out>Info: missing required arguments: cidr, client_id, location, name, subnet_id, subscription_id, svm_password, vnet_id
</system-out></testcase><testcase classname="modules.test_na_cloudmanager_cvo_azure.TestMyModule" file="modules/test_na_cloudmanager_cvo_azure.py" line="145" name="test_module_fail_when_required_args_present" time="0.017"></testcase><testcase classname="modules.test_na_cloudmanager_info" file="modules/test_na_cloudmanager_info.py" line="158" name="test_get_aggregates_info" time="15.054"><system-out>Info: test_create_cloudmanager_info: AnsibleExitJson({&apos;info&apos;: {&apos;working_environments_info&apos;: (None, &quot;HTTPSConnectionPool(host=&apos;cloudmanager.cloud.netapp.com&apos;, port=443): Max retries exceeded with url: /occm/api/working-environments (Caused by NewConnectionError(&apos;&lt;urllib3.connection.HTTPSConnection object at 0x7f3402c96d90&gt;: Failed to establish a new connection: [Errno -3] Temporary failure in name resolution&apos;,))&quot;)}, &apos;changed&apos;: False},)
</system-out></testcase><testcase classname="modules.test_na_cloudmanager_info" file="modules/test_na_cloudmanager_info.py" line="477" name="test_get_accounts_info" time="0.023"><system-out>Info: test_create_cloudmanager_info: AnsibleExitJson({&apos;info&apos;: {&apos;accounts_info&apos;: ({&apos;azureAccounts&apos;: [{&apos;vsaList&apos;: [{&apos;workingEnvironmentType&apos;: &apos;AZURE&apos;, &apos;publicId&apos;: &apos;VsaWorkingEnvironment-jI0tbceH&apos;, &apos;name&apos;: &apos;testAZURE&apos;}, {&apos;workingEnvironmentType&apos;: &apos;AZURE&apos;, &apos;publicId&apos;: &apos;VsaWorkingEnvironment-00EnDcfB&apos;, &apos;name&apos;: &apos;test&apos;}], &apos;publicId&apos;: &apos;CloudProviderAccount-T84ceMYu&apos;, &apos;tenantId&apos;: &apos;1&apos;, &apos;accountType&apos;: &apos;AZURE_KEYS&apos;, &apos;accountName&apos;: &apos;AzureKeys&apos;, &apos;applicationId&apos;: &apos;1&apos;}, {&apos;vsaList&apos;: [], &apos;publicId&apos;: &apos;CloudProviderAccount-XxbN95dj&apos;, &apos;tenantId&apos;: &apos;1&apos;, &apos;accountType&apos;: &apos;AZURE_KEYS&apos;, &apos;accountName&apos;: &apos;s&apos;, &apos;applicationId&apos;: &apos;1&apos;}], &apos;nssAccounts&apos;: [{&apos;vsaList&apos;: [{&apos;workingEnvironmentType&apos;: &apos;AWS&apos;, &apos;publicId&apos;: &apos;VsaWorkingEnvironment-3txYJOsX&apos;, &apos;name&apos;: &apos;testAWS&apos;}, {&apos;workingEnvironmentType&apos;: &apos;AZURE&apos;, &apos;publicId&apos;: &apos;VsaWorkingEnvironment-jI0tbceH&apos;, &apos;name&apos;: &apos;testAZURE&apos;}], &apos;nssUserName&apos;: &apos;TESTCLOUD2&apos;, &apos;publicId&apos;: &apos;be2f3cac-352a-46b9-a341-a446c35b61c9&apos;, &apos;accountType&apos;: &apos;NSS_KEYS&apos;, &apos;accountName&apos;: &apos;TESTCLOUD2&apos;}, {&apos;vsaList&apos;: [{&apos;workingEnvironmentType&apos;: &apos;AZURE&apos;, &apos;publicId&apos;: &apos;VsaWorkingEnvironment-00EnDcfB&apos;, &apos;name&apos;: &apos;test&apos;}], &apos;nssUserName&apos;: &apos;ntapitdemo&apos;, &apos;publicId&apos;: &apos;01e43a7d-cfc9-4682-aa12-15374ce81638&apos;, &apos;accountType&apos;: &apos;NSS_KEYS&apos;, &apos;accountName&apos;: &apos;ntapitdemo&apos;}], &apos;awsAccounts&apos;: [{&apos;vsaList&apos;: [], &apos;publicId&apos;: &apos;CloudProviderAccount-Ekj6L9QX&apos;, &apos;accessKey&apos;: &apos;1&apos;, &apos;accountName&apos;: &apos;tami&apos;, &apos;accountType&apos;: &apos;AWS_KEYS&apos;, &apos;subscriptionId&apos;: &apos;hackExp10Days&apos;, &apos;accountId&apos;: &apos;123456789011&apos;}, {&apos;vsaList&apos;: [{&apos;workingEnvironmentType&apos;: &apos;AWS&apos;, &apos;publicId&apos;: &apos;VsaWorkingEnvironment-9m3I6i3I&apos;, &apos;name&apos;: &apos;CVO_AWSCluster&apos;}, {&apos;workingEnvironmentType&apos;: &apos;AWS&apos;, &apos;publicId&apos;: &apos;VsaWorkingEnvironment-JCzkA9OX&apos;, &apos;name&apos;: &apos;testAWS1&apos;}], &apos;publicId&apos;: &apos;InstanceProfile&apos;, &apos;accountType&apos;: &apos;INSTANCE_PROFILE&apos;, &apos;accessKey&apos;: &apos;&apos;, &apos;accountName&apos;: &apos;Instance Profile&apos;, &apos;subscriptionId&apos;: &apos;hackExp10Days&apos;, &apos;occmRole&apos;: &apos;occmRole&apos;, &apos;accountId&apos;: &apos;123456789011&apos;}], &apos;gcpStorageAccounts&apos;: []}, None)}, &apos;changed&apos;: False},)
</system-out></testcase><testcase classname="modules.test_na_cloudmanager_nss_account.TestMyModule" file="modules/test_na_cloudmanager_nss_account.py" line="97" name="test_create_nss_account_idempotency" time="0.020"></testcase><testcase classname="modules.test_na_cloudmanager_nss_account.TestMyModule" file="modules/test_na_cloudmanager_nss_account.py" line="118" name="test_create_nss_account_successfully" time="0.022"></testcase><testcase classname="modules.test_na_cloudmanager_nss_account.TestMyModule" file="modules/test_na_cloudmanager_nss_account.py" line="75" name="test_module_fail_when_required_args_missing" time="0.016"><system-out>Info: missing required arguments: client_id, username
</system-out></testcase><testcase classname="modules.test_na_cloudmanager_snapmirror.TestMyModule" file="modules/test_na_cloudmanager_snapmirror.py" line="119" name="test_create_cloudmanager_snapmirror_create_pass" time="0.019"><system-out>Info: test_create_cloudmanager_snapmirror_create_pass: AnsibleExitJson({&apos;changed&apos;: True},)
</system-out></testcase><testcase classname="modules.test_na_cloudmanager_snapmirror.TestMyModule" file="modules/test_na_cloudmanager_snapmirror.py" line="154" name="test_delete_cloudmanager_snapmirror_delete_pass" time="0.014"><system-out>Info: test_delete_cloudmanager_snapmirror_delete_pass: AnsibleExitJson({&apos;changed&apos;: True},)
</system-out></testcase><testcase classname="modules.test_na_cloudmanager_snapmirror.TestMyModule" file="modules/test_na_cloudmanager_snapmirror.py" line="102" name="test_module_fail_when_required_args_missing" time="0.011"><system-out>Info: missing required arguments: client_id, destination_volume_name, source_volume_name
</system-out></testcase><testcase classname="modules.test_na_cloudmanager_snapmirror.TestMyModule" file="modules/test_na_cloudmanager_snapmirror.py" line="109" name="test_module_fail_when_required_args_present" time="0.018"></testcase><testcase classname="modules.test_na_cloudmanager_volume.TestMyModule" file="modules/test_na_cloudmanager_volume.py" line="188" name="test_create_volume_by_workingenv_name_successfully" time="0.025"></testcase><testcase classname="modules.test_na_cloudmanager_volume.TestMyModule" file="modules/test_na_cloudmanager_volume.py" line="120" name="test_create_volume_idempotency" time="0.016"></testcase><testcase classname="modules.test_na_cloudmanager_volume.TestMyModule" file="modules/test_na_cloudmanager_volume.py" line="103" name="test_create_volume_successfully" time="0.015"></testcase><testcase classname="modules.test_na_cloudmanager_volume.TestMyModule" file="modules/test_na_cloudmanager_volume.py" line="96" name="test_module_fail_when_required_args_missing" time="0.010"><system-out>Info: missing required arguments: client_id, name
</system-out></testcase><testcase classname="modules.test_na_cloudmanager_volume.TestMyModule" file="modules/test_na_cloudmanager_volume.py" line="165" name="test_update_volume_idempotency" time="0.015"></testcase><testcase classname="modules.test_na_cloudmanager_volume.TestMyModule" file="modules/test_na_cloudmanager_volume.py" line="141" name="test_update_volume_successfully" time="0.015"></testcase><testcase classname="modules.test_na_cloudmanager_cvo_gcp.TestMyModule" file="modules/test_na_cloudmanager_cvo_gcp.py" line="362" name="test_change_cloudmanager_cvo_gcp" time="15.060"><system-out>Info: test_change_cloudmanager_cvo_gcp: AnsibleExitJson({&apos;changed&apos;: True, &apos;working_environment_id&apos;: &apos;test&apos;},)
</system-out></testcase><testcase classname="modules.test_na_cloudmanager_cvo_gcp.TestMyModule" file="modules/test_na_cloudmanager_cvo_gcp.py" line="437" name="test_change_cloudmanager_cvo_gcp_ha" time="15.084"><system-out>Info: test_change_cloudmanager_cvo_gcp: AnsibleExitJson({&apos;changed&apos;: True, &apos;working_environment_id&apos;: &apos;test&apos;},)
</system-out></testcase><testcase classname="modules.test_na_cloudmanager_cvo_gcp.TestMyModule" file="modules/test_na_cloudmanager_cvo_gcp.py" line="207" name="test_create_cloudmanager_cvo_gcp_capacity_license_pass" time="0.036"><system-out>Info: test_create_cloudmanager_cvo_gcp_pass: AnsibleExitJson({&apos;changed&apos;: True, &apos;working_environment_id&apos;: &apos;abcdefg12345&apos;},)
</system-out></testcase></testsuite></testsuites>