<?xml version="1.0" encoding="utf-8"?><testsuites><testsuite name="pytest" errors="0" failures="0" skipped="0" tests="158" time="50.893" timestamp="2022-07-28T00:12:36.667647" hostname="bb1806c0d539"><testcase classname="module_utils.test_netapp" name="test_get_token_refresh" file="module_utils/test_netapp.py" line="129" time="0.012" /><testcase classname="module_utils.test_netapp" name="test_missing_params" file="module_utils/test_netapp.py" line="122" time="0.007" /><testcase classname="module_utils.test_netapp" name="test_negative_get_token_none" file="module_utils/test_netapp.py" line="142" time="0.015" /><testcase classname="module_utils.test_netapp" name="test_get_token_sa" file="module_utils/test_netapp.py" line="158" time="0.013" /><testcase classname="module_utils.test_netapp" name="test_negative_get_token" file="module_utils/test_netapp.py" line="175" time="0.015" /><testcase classname="module_utils.test_netapp" name="test_get_retries" file="module_utils/test_netapp.py" line="203" time="0.015" /><testcase classname="module_utils.test_netapp" name="test_get_json" file="module_utils/test_netapp.py" line="188" time="0.014" /><testcase classname="module_utils.test_netapp" name="test_empty_get_sent_bad_json" file="module_utils/test_netapp.py" line="238" time="0.012" /><testcase classname="module_utils.test_netapp" name="test_get_retries_exceeded" file="module_utils/test_netapp.py" line="221" time="0.020" /><testcase classname="module_utils.test_netapp" name="test_negative_get_sent_203" file="module_utils/test_netapp.py" line="268" time="0.015" /><testcase classname="module_utils.test_netapp" name="test_empty_get_sent_203" file="module_utils/test_netapp.py" line="253" time="0.016" /><testcase classname="module_utils.test_netapp" name="test_negative_get_raise_http_exc" file="module_utils/test_netapp.py" line="298" time="0.015" /><testcase classname="module_utils.test_netapp" name="test_negative_get_sent_300" file="module_utils/test_netapp.py" line="283" time="0.018" /><testcase classname="module_utils.test_netapp" name="test_negative_get_raise_oserror_exc" file="module_utils/test_netapp.py" line="328" time="0.014" /><testcase classname="module_utils.test_netapp" name="test_has_feature_success_user_true" file="module_utils/test_netapp.py" line="351" time="0.009" /><testcase classname="module_utils.test_netapp" name="test_negative_get_raise_conn_exc" file="module_utils/test_netapp.py" line="313" time="0.017" /><testcase classname="module_utils.test_netapp" name="test_has_feature_invalid_key" file="module_utils/test_netapp.py" line="370" time="0.008" /><testcase classname="module_utils.test_netapp" name="test_has_feature_success_default" file="module_utils/test_netapp.py" line="343" time="0.010" /><testcase classname="module_utils.test_netapp" name="test_check_task_status" file="module_utils/test_netapp.py" line="396" time="0.013" /><testcase classname="module_utils.test_netapp" name="test_has_feature_success_user_false" file="module_utils/test_netapp.py" line="360" time="0.011" /><testcase classname="module_utils.test_netapp" name="test_wait_on_completion" file="module_utils/test_netapp.py" line="433" time="0.014" /><testcase classname="module_utils.test_netapp" name="test_has_feature_invalid_bool" file="module_utils/test_netapp.py" line="380" time="0.013" /><testcase classname="module_utils.test_netapp" name="test_negative_wait_on_completion_error" file="module_utils/test_netapp.py" line="465" time="0.016" /><testcase classname="module_utils.test_netapp" name="test_negative_check_task_status" file="module_utils/test_netapp.py" line="414" time="0.015" /><testcase classname="module_utils.test_netapp_module" name="test_cmp" file="module_utils/test_netapp_module.py" line="92" time="0.006" /><testcase classname="module_utils.test_netapp" name="test_negative_wait_on_completion_failure" file="module_utils/test_netapp.py" line="449" time="0.017" /><testcase classname="module_utils.test_netapp_module" name="test_cd_action" file="module_utils/test_netapp_module.py" line="107" time="0.006" /><testcase classname="module_utils.test_netapp_module" name="test_get_working_environments_info" file="module_utils/test_netapp_module.py" line="133" time="0.012" /><testcase classname="module_utils.test_netapp" name="test_negative_wait_on_completion_timeout" file="module_utils/test_netapp.py" line="482" time="0.016" /><testcase classname="module_utils.test_netapp_module" name="test_set_parameters" file="module_utils/test_netapp_module.py" line="100" time="0.005" /><testcase classname="module_utils.test_netapp_module" name="test_get_working_environment_details_by_name" file="module_utils/test_netapp_module.py" line="154" time="0.013" /><testcase classname="module_utils.test_netapp_module" name="test_compare_and_update_values" file="module_utils/test_netapp_module.py" line="119" time="0.005" /><testcase classname="module_utils.test_netapp_module" name="test_get_working_environment_detail_for_snapmirror" file="module_utils/test_netapp_module.py" line="214" time="0.013" /><testcase classname="module_utils.test_netapp_module" name="test_look_up_working_environment_by_name_in_list" file="module_utils/test_netapp_module.py" line="146" time="0.005" /><testcase classname="module_utils.test_netapp_module" name="test_get_or_create_account" file="module_utils/test_netapp_module.py" line="284" time="0.012" /><testcase classname="module_utils.test_netapp_module" name="test_get_working_environment_details" file="module_utils/test_netapp_module.py" line="198" time="0.015" /><testcase classname="module_utils.test_netapp_module" name="test_create_account" file="module_utils/test_netapp_module.py" line="278" time="0.005" /><testcase classname="module_utils.test_netapp_module" name="test_get_account_id" file="module_utils/test_netapp_module.py" line="316" time="0.012" /><testcase classname="module_utils.test_netapp_module" name="test_get_accounts_info" file="module_utils/test_netapp_module.py" line="333" time="0.012" /><testcase classname="module_utils.test_netapp_module" name="test_get_account_info" file="module_utils/test_netapp_module.py" line="301" time="0.018" /><testcase classname="module_utils.test_netapp_module" name="test_set_api_root_path" file="module_utils/test_netapp_module.py" line="347" time="0.010" /><testcase classname="modules.test_na_cloudmanager_aggregate.TestMyModule" name="test_delete_cloudmanager_aggregate_pass" file="modules/test_na_cloudmanager_aggregate.py" line="174" time="0.020" /><testcase classname="module_utils.test_netapp_module" name="test_get_occm_agents_by_account" file="module_utils/test_netapp_module.py" line="360" time="0.013" /><testcase classname="modules.test_na_cloudmanager_aggregate.TestMyModule" name="test_module_fail_when_required_args_missing" file="modules/test_na_cloudmanager_aggregate.py" line="139" time="0.012" /><testcase classname="module_utils.test_netapp_module" name="test_get_occm_agents_by_name" file="module_utils/test_netapp_module.py" line="374" time="0.013" /><testcase classname="module_utils.test_netapp_module" name="test_get_agents_info" file="module_utils/test_netapp_module.py" line="396" time="0.013" /><testcase classname="modules.test_na_cloudmanager_aggregate.TestMyModule" name="test_module_fail_when_required_args_present" file="modules/test_na_cloudmanager_aggregate.py" line="146" time="0.020" /><testcase classname="modules.test_na_cloudmanager_aggregate.TestMyModule" name="test_update_cloudmanager_aggregate_pass" file="modules/test_na_cloudmanager_aggregate.py" line="204" time="0.017" /><testcase classname="module_utils.test_netapp_module" name="test_get_active_agents_info" file="module_utils/test_netapp_module.py" line="415" time="0.019" /><testcase classname="module_utils.test_netapp_module" name="test_get_occm_agent_by_id" file="module_utils/test_netapp_module.py" line="443" time="0.014" /><testcase classname="modules.test_na_cloudmanager_aws_fsx.TestMyModule" name="test_create_cloudmanager_aws_fsx_pass" file="modules/test_na_cloudmanager_aws_fsx.py" line="123" time="0.019" /><testcase classname="module_utils.test_netapp_module" name="test_check_occm_status" file="module_utils/test_netapp_module.py" line="463" time="0.015" /><testcase classname="modules.test_na_cloudmanager_aws_fsx.TestMyModule" name="test_delete_cloudmanager_aws_fsx_pass" file="modules/test_na_cloudmanager_aws_fsx.py" line="147" time="0.016" /><testcase classname="modules.test_na_cloudmanager_aws_fsx.TestMyModule" name="test_module_fail_when_required_args_missing" file="modules/test_na_cloudmanager_aws_fsx.py" line="104" time="0.011" /><testcase classname="module_utils.test_netapp_module" name="test_register_agent_to_service" file="module_utils/test_netapp_module.py" line="481" time="0.019" /><testcase classname="modules.test_na_cloudmanager_aws_fsx.TestMyModule" name="test_module_fail_when_required_args_present" file="modules/test_na_cloudmanager_aws_fsx.py" line="111" time="0.017" /><testcase classname="module_utils.test_netapp_module" name="test_delete_occm" file="module_utils/test_netapp_module.py" line="516" time="0.014" /><testcase classname="modules.test_na_cloudmanager_cifs_server.TestMyModule" name="test_create_cifs_server_idempotency" file="modules/test_na_cloudmanager_cifs_server.py" line="130" time="0.017" /><testcase classname="module_utils.test_netapp_module" name="test_delete_occm_agents" file="module_utils/test_netapp_module.py" line="531" time="0.015" /><testcase classname="modules.test_na_cloudmanager_cifs_server.TestMyModule" name="test_create_cifs_server_successfully" file="modules/test_na_cloudmanager_cifs_server.py" line="193" time="0.020" /><testcase classname="module_utils.test_netapp_module" name="test_get_tenant" file="module_utils/test_netapp_module.py" line="555" time="0.016" /><testcase classname="modules.test_na_cloudmanager_cifs_server.TestMyModule" name="test_create_cifs_server_using_workgroup_successfully" file="modules/test_na_cloudmanager_cifs_server.py" line="151" time="0.019" /><testcase classname="module_utils.test_netapp_module_open" name="test_certificates" file="module_utils/test_netapp_module_open.py" line="47" time="0.009" /><testcase classname="modules.test_na_cloudmanager_cifs_server.TestMyModule" name="test_delete_cifs_server_successfully" file="modules/test_na_cloudmanager_cifs_server.py" line="168" time="0.017" /><testcase classname="modules.test_na_cloudmanager_aggregate.TestMyModule" name="test_create_cloudmanager_aggregate_by_workingenv_name_pass" file="modules/test_na_cloudmanager_aggregate.py" line="233" time="0.020" /><testcase classname="modules.test_na_cloudmanager_cifs_server.TestMyModule" name="test_delete_cifs_server_with_workingenv_name_successfully" file="modules/test_na_cloudmanager_cifs_server.py" line="217" time="0.019" /><testcase classname="modules.test_na_cloudmanager_aggregate.TestMyModule" name="test_create_cloudmanager_aggregate_pass" file="modules/test_na_cloudmanager_aggregate.py" line="156" time="0.020" /><testcase classname="modules.test_na_cloudmanager_cifs_server.TestMyModule" name="test_module_fail_when_required_args_missing" file="modules/test_na_cloudmanager_cifs_server.py" line="106" time="0.019" /><testcase classname="modules.test_na_cloudmanager_aggregate.TestMyModule" name="test_delete_cloudmanager_aggregate_by_workingenv_name_pass" file="modules/test_na_cloudmanager_aggregate.py" line="257" time="0.032" /><testcase classname="modules.test_na_cloudmanager_connector_aws.TestMyModule" name="test_create_cloudmanager_connector_aws_pass" file="modules/test_na_cloudmanager_connector_aws.py" line="128" time="0.022" /><testcase classname="modules.test_na_cloudmanager_connector_aws.TestMyModule" name="test_delete_instance_account_id_not_found" file="modules/test_na_cloudmanager_connector_aws.py" line="625" time="0.038" /><testcase classname="modules.test_na_cloudmanager_connector_aws.TestMyModule" name="test_create_instance" file="modules/test_na_cloudmanager_connector_aws.py" line="338" time="0.022" /><testcase classname="modules.test_na_cloudmanager_connector_aws.TestMyModule" name="test_delete_instance_client_id_not_found_403" file="modules/test_na_cloudmanager_connector_aws.py" line="588" time="0.017" /><testcase classname="modules.test_na_cloudmanager_connector_aws.TestMyModule" name="test_create_instance_error_in_get_account" file="modules/test_na_cloudmanager_connector_aws.py" line="437" time="0.017" /><testcase classname="modules.test_na_cloudmanager_connector_aws.TestMyModule" name="test_delete_instance_client_id_not_found_other" file="modules/test_na_cloudmanager_connector_aws.py" line="607" time="0.017" /><testcase classname="modules.test_na_cloudmanager_connector_aws.TestMyModule" name="test_create_instance_error_in_get_agent" file="modules/test_na_cloudmanager_connector_aws.py" line="413" time="0.020" /><testcase classname="modules.test_na_cloudmanager_connector_aws.TestMyModule" name="test_delete_instance_error_on_agent" file="modules/test_na_cloudmanager_connector_aws.py" line="572" time="0.016" /><testcase classname="modules.test_na_cloudmanager_connector_aws.TestMyModule" name="test_create_instance_error_in_open" file="modules/test_na_cloudmanager_connector_aws.py" line="485" time="0.021" /><testcase classname="modules.test_na_cloudmanager_connector_aws.TestMyModule" name="test_delete_instance_timeout" file="modules/test_na_cloudmanager_connector_aws.py" line="556" time="0.018" /><testcase classname="modules.test_na_cloudmanager_connector_aws.TestMyModule" name="test_create_instance_error_in_register" file="modules/test_na_cloudmanager_connector_aws.py" line="460" time="0.019" /><testcase classname="modules.test_na_cloudmanager_connector_aws.TestMyModule" name="test_delete_no_client" file="modules/test_na_cloudmanager_connector_aws.py" line="532" time="0.020" /><testcase classname="modules.test_na_cloudmanager_connector_aws.TestMyModule" name="test_create_instance_no_ami_with_tags" file="modules/test_na_cloudmanager_connector_aws.py" line="357" time="0.027" /><testcase classname="modules.test_na_cloudmanager_connector_aws.TestMyModule" name="test_get_instance_empty" file="modules/test_na_cloudmanager_connector_aws.py" line="246" time="0.015" /><testcase classname="modules.test_na_cloudmanager_connector_aws.TestMyModule" name="test_create_instance_timeout" file="modules/test_na_cloudmanager_connector_aws.py" line="389" time="0.023" /><testcase classname="modules.test_na_cloudmanager_connector_aws.TestMyModule" name="test_get_instance_exception" file="modules/test_na_cloudmanager_connector_aws.py" line="323" time="0.018" /><testcase classname="modules.test_na_cloudmanager_connector_aws.TestMyModule" name="test_delete_cloudmanager_connector_aws_negative_no_instance" file="modules/test_na_cloudmanager_connector_aws.py" line="212" time="0.020" /><testcase classname="modules.test_na_cloudmanager_connector_aws.TestMyModule" name="test_get_instance_many_but_only_one_active" file="modules/test_na_cloudmanager_connector_aws.py" line="306" time="0.017" /><testcase classname="modules.test_na_cloudmanager_connector_aws.TestMyModule" name="test_get_instance_many_terminated" file="modules/test_na_cloudmanager_connector_aws.py" line="274" time="0.015" /><testcase classname="modules.test_na_cloudmanager_connector_aws.TestMyModule" name="test_delete_cloudmanager_connector_aws_pass" file="modules/test_na_cloudmanager_connector_aws.py" line="152" time="0.020" /><testcase classname="modules.test_na_cloudmanager_connector_aws.TestMyModule" name="test_get_instance_one" file="modules/test_na_cloudmanager_connector_aws.py" line="260" time="0.014" /><testcase classname="modules.test_na_cloudmanager_connector_aws.TestMyModule" name="test_delete_cloudmanager_connector_aws_pass_no_ids" file="modules/test_na_cloudmanager_connector_aws.py" line="177" time="0.020" /><testcase classname="modules.test_na_cloudmanager_connector_aws.TestMyModule" name="test_modify_instance" file="modules/test_na_cloudmanager_connector_aws.py" line="646" time="0.017" /><testcase classname="modules.test_na_cloudmanager_connector_aws.TestMyModule" name="test_delete_instance" file="modules/test_na_cloudmanager_connector_aws.py" line="513" time="0.022" /><testcase classname="modules.test_na_cloudmanager_connector_aws.TestMyModule" name="test_module_fail_when_required_args_missing" file="modules/test_na_cloudmanager_connector_aws.py" line="111" time="0.010" /><testcase classname="modules.test_na_cloudmanager_connector_gcp" name="test_create_cloudmanager_connector_gcp_pass" file="modules/test_na_cloudmanager_connector_gcp.py" line="148" time="0.018" /><testcase classname="modules.test_na_cloudmanager_connector_aws.TestMyModule" name="test_module_fail_when_required_args_present" file="modules/test_na_cloudmanager_connector_aws.py" line="118" time="0.017" /><testcase classname="modules.test_na_cloudmanager_connector_azure" name="test_module_fail_when_required_args_missing" file="modules/test_na_cloudmanager_connector_azure.py" line="123" time="0.012" /><testcase classname="modules.test_na_cloudmanager_connector_gcp" name="test_delete_cloudmanager_connector_gcp_pass" file="modules/test_na_cloudmanager_connector_gcp.py" line="174" time="0.021" /><testcase classname="modules.test_na_cloudmanager_connector_azure" name="test_module_fail_when_required_args_present" file="modules/test_na_cloudmanager_connector_azure.py" line="131" time="0.016" /><testcase classname="modules.test_na_cloudmanager_connector_gcp" name="test_delete_occm_gcp_pass" file="modules/test_na_cloudmanager_connector_gcp.py" line="248" time="0.017" /><testcase classname="modules.test_na_cloudmanager_connector_azure" name="test_create_cloudmanager_connector_azure_pass" file="modules/test_na_cloudmanager_connector_azure.py" line="142" time="0.019" /><testcase classname="modules.test_na_cloudmanager_connector_gcp" name="test_create_occm_gcp_pass" file="modules/test_na_cloudmanager_connector_gcp.py" line="270" time="0.028" /><testcase classname="modules.test_na_cloudmanager_connector_gcp" name="test_get_deploy_vm_pass" file="modules/test_na_cloudmanager_connector_gcp.py" line="292" time="0.014" /><testcase classname="modules.test_na_cloudmanager_connector_azure" name="test_delete_cloudmanager_connector_azure_pass" file="modules/test_na_cloudmanager_connector_azure.py" line="161" time="0.018" /><testcase classname="modules.test_na_cloudmanager_connector_gcp" name="test_module_fail_when_required_args_missing" file="modules/test_na_cloudmanager_connector_gcp.py" line="127" time="0.010" /><testcase classname="modules.test_na_cloudmanager_connector_gcp" name="test_get_occm_agents_absent_pass" file="modules/test_na_cloudmanager_connector_gcp.py" line="310" time="0.014" /><testcase classname="modules.test_na_cloudmanager_connector_gcp" name="test_module_fail_when_required_args_present" file="modules/test_na_cloudmanager_connector_gcp.py" line="135" time="0.016" /><testcase classname="modules.test_na_cloudmanager_connector_gcp" name="test_get_occm_agents_present_pass" file="modules/test_na_cloudmanager_connector_gcp.py" line="328" time="0.015" /><testcase classname="modules.test_na_cloudmanager_connector_gcp" name="test_delete_idempotent" file="modules/test_na_cloudmanager_connector_gcp.py" line="367" time="0.016" /><testcase classname="modules.test_na_cloudmanager_connector_gcp" name="test_create_idempotent" file="modules/test_na_cloudmanager_connector_gcp.py" line="346" time="0.018" /><testcase classname="modules.test_na_cloudmanager_cvo_aws.TestMyModule" name="test_create_cloudmanager_cvo_aws_pass" file="modules/test_na_cloudmanager_cvo_aws.py" line="136" time="0.024" /><testcase classname="modules.test_na_cloudmanager_cvo_aws.TestMyModule" name="test_delete_cloudmanager_cvo_aws_pass" file="modules/test_na_cloudmanager_cvo_aws.py" line="314" time="0.018" /><testcase classname="modules.test_na_cloudmanager_cvo_aws.TestMyModule" name="test_module_fail_when_required_args_missing" file="modules/test_na_cloudmanager_cvo_aws.py" line="119" time="0.013" /><testcase classname="modules.test_na_cloudmanager_cvo_aws.TestMyModule" name="test_module_fail_when_required_args_present" file="modules/test_na_cloudmanager_cvo_aws.py" line="126" time="0.014" /><testcase classname="modules.test_na_cloudmanager_cvo_aws.TestMyModule" name="test_change_cloudmanager_cvo_aws" file="modules/test_na_cloudmanager_cvo_aws.py" line="336" time="15.068" /><testcase classname="modules.test_na_cloudmanager_cvo_aws.TestMyModule" name="test_create_cloudmanager_cvo_aws_capacity_license_pass" file="modules/test_na_cloudmanager_cvo_aws.py" line="193" time="0.023" /><testcase classname="modules.test_na_cloudmanager_cvo_aws.TestMyModule" name="test_create_cloudmanager_cvo_aws_ha_capacity_license_pass" file="modules/test_na_cloudmanager_cvo_aws.py" line="223" time="0.024" /><testcase classname="modules.test_na_cloudmanager_cvo_aws.TestMyModule" name="test_create_cloudmanager_cvo_aws_ha_nodebase_license_pass" file="modules/test_na_cloudmanager_cvo_aws.py" line="283" time="0.022" /><testcase classname="modules.test_na_cloudmanager_cvo_azure.TestMyModule" name="test_change_cloudmanager_cvo_azure" file="modules/test_na_cloudmanager_cvo_azure.py" line="342" time="15.067" /><testcase classname="modules.test_na_cloudmanager_cvo_aws.TestMyModule" name="test_create_cloudmanager_cvo_aws_ha_pass" file="modules/test_na_cloudmanager_cvo_aws.py" line="162" time="0.025" /><testcase classname="modules.test_na_cloudmanager_cvo_azure.TestMyModule" name="test_create_cloudmanager_cvo_azure_capacity_license_pass" file="modules/test_na_cloudmanager_cvo_azure.py" line="179" time="0.022" /><testcase classname="modules.test_na_cloudmanager_cvo_azure.TestMyModule" name="test_create_cloudmanager_cvo_azure_ha_capacity_license_pass" file="modules/test_na_cloudmanager_cvo_azure.py" line="207" time="0.021" /><testcase classname="modules.test_na_cloudmanager_cvo_aws.TestMyModule" name="test_create_cloudmanager_cvo_aws_nodebase_license_pass" file="modules/test_na_cloudmanager_cvo_aws.py" line="255" time="0.024" /><testcase classname="modules.test_na_cloudmanager_cvo_azure.TestMyModule" name="test_module_fail_when_required_args_missing" file="modules/test_na_cloudmanager_cvo_azure.py" line="137" time="0.014" /><testcase classname="modules.test_na_cloudmanager_cvo_azure.TestMyModule" name="test_create_cloudmanager_cvo_azure_ha_nodebase_license_pass" file="modules/test_na_cloudmanager_cvo_azure.py" line="262" time="0.025" /><testcase classname="modules.test_na_cloudmanager_cvo_azure.TestMyModule" name="test_module_fail_when_required_args_present" file="modules/test_na_cloudmanager_cvo_azure.py" line="145" time="0.020" /><testcase classname="modules.test_na_cloudmanager_cvo_azure.TestMyModule" name="test_create_cloudmanager_cvo_azure_ha_pass" file="modules/test_na_cloudmanager_cvo_azure.py" line="292" time="0.021" /><testcase classname="modules.test_na_cloudmanager_cvo_azure.TestMyModule" name="test_create_cloudmanager_cvo_azure_nodebase_license_pass" file="modules/test_na_cloudmanager_cvo_azure.py" line="236" time="0.021" /><testcase classname="modules.test_na_cloudmanager_cvo_azure.TestMyModule" name="test_create_cloudmanager_cvo_azure_pass" file="modules/test_na_cloudmanager_cvo_azure.py" line="155" time="0.023" /><testcase classname="modules.test_na_cloudmanager_cvo_azure.TestMyModule" name="test_delete_cloudmanager_cvo_azure_pass" file="modules/test_na_cloudmanager_cvo_azure.py" line="320" time="0.020" /><testcase classname="modules.test_na_cloudmanager_cvo_gcp.TestMyModule" name="test_create_cloudmanager_cvo_gcp_ha_capacity_license_pass" file="modules/test_na_cloudmanager_cvo_gcp.py" line="236" time="0.021" /><testcase classname="modules.test_na_cloudmanager_cvo_gcp.TestMyModule" name="test_create_cloudmanager_cvo_gcp_ha_nodebase_license_pass" file="modules/test_na_cloudmanager_cvo_gcp.py" line="302" time="0.022" /><testcase classname="modules.test_na_cloudmanager_cvo_gcp.TestMyModule" name="test_create_cloudmanager_cvo_gcp_ha_pass" file="modules/test_na_cloudmanager_cvo_gcp.py" line="171" time="0.020" /><testcase classname="modules.test_na_cloudmanager_cvo_gcp.TestMyModule" name="test_create_cloudmanager_cvo_gcp_nodebase_license_pass" file="modules/test_na_cloudmanager_cvo_gcp.py" line="274" time="0.021" /><testcase classname="modules.test_na_cloudmanager_cvo_gcp.TestMyModule" name="test_create_cloudmanager_cvo_gcp_pass" file="modules/test_na_cloudmanager_cvo_gcp.py" line="147" time="0.019" /><testcase classname="modules.test_na_cloudmanager_cvo_gcp.TestMyModule" name="test_delete_cloudmanager_cvo_gcp_pass" file="modules/test_na_cloudmanager_cvo_gcp.py" line="340" time="0.017" /><testcase classname="modules.test_na_cloudmanager_cvo_gcp.TestMyModule" name="test_module_fail_when_required_args_missing" file="modules/test_na_cloudmanager_cvo_gcp.py" line="110" time="0.011" /><testcase classname="modules.test_na_cloudmanager_cvo_gcp.TestMyModule" name="test_module_fail_when_required_args_present" file="modules/test_na_cloudmanager_cvo_gcp.py" line="137" time="0.016" /><testcase classname="modules.test_na_cloudmanager_info" name="test_module_fail_when_required_args_missing" file="modules/test_na_cloudmanager_info.py" line="100" time="0.010" /><testcase classname="modules.test_na_cloudmanager_info" name="test_get_working_environments_info" file="modules/test_na_cloudmanager_info.py" line="108" time="0.013" /><testcase classname="modules.test_na_cloudmanager_cvo_gcp.TestMyModule" name="test_change_cloudmanager_cvo_gcp" file="modules/test_na_cloudmanager_cvo_gcp.py" line="362" time="15.067" /><testcase classname="modules.test_na_cloudmanager_info" name="test_get_aggregates_info" file="modules/test_na_cloudmanager_info.py" line="158" time="15.050" /><testcase classname="modules.test_na_cloudmanager_info" name="test_get_accounts_info" file="modules/test_na_cloudmanager_info.py" line="477" time="0.017" /><testcase classname="modules.test_na_cloudmanager_nss_account.TestMyModule" name="test_create_nss_account_idempotency" file="modules/test_na_cloudmanager_nss_account.py" line="97" time="0.016" /><testcase classname="modules.test_na_cloudmanager_nss_account.TestMyModule" name="test_create_nss_account_successfully" file="modules/test_na_cloudmanager_nss_account.py" line="118" time="0.016" /><testcase classname="modules.test_na_cloudmanager_nss_account.TestMyModule" name="test_module_fail_when_required_args_missing" file="modules/test_na_cloudmanager_nss_account.py" line="75" time="0.011" /><testcase classname="modules.test_na_cloudmanager_snapmirror.TestMyModule" name="test_create_cloudmanager_snapmirror_create_pass" file="modules/test_na_cloudmanager_snapmirror.py" line="119" time="0.020" /><testcase classname="modules.test_na_cloudmanager_snapmirror.TestMyModule" name="test_delete_cloudmanager_snapmirror_delete_pass" file="modules/test_na_cloudmanager_snapmirror.py" line="154" time="0.017" /><testcase classname="modules.test_na_cloudmanager_snapmirror.TestMyModule" name="test_module_fail_when_required_args_missing" file="modules/test_na_cloudmanager_snapmirror.py" line="102" time="0.016" /><testcase classname="modules.test_na_cloudmanager_snapmirror.TestMyModule" name="test_module_fail_when_required_args_present" file="modules/test_na_cloudmanager_snapmirror.py" line="109" time="0.014" /><testcase classname="modules.test_na_cloudmanager_volume.TestMyModule" name="test_create_volume_by_workingenv_name_successfully" file="modules/test_na_cloudmanager_volume.py" line="188" time="0.018" /><testcase classname="modules.test_na_cloudmanager_volume.TestMyModule" name="test_create_volume_idempotency" file="modules/test_na_cloudmanager_volume.py" line="120" time="0.016" /><testcase classname="modules.test_na_cloudmanager_volume.TestMyModule" name="test_create_volume_successfully" file="modules/test_na_cloudmanager_volume.py" line="103" time="0.023" /><testcase classname="modules.test_na_cloudmanager_volume.TestMyModule" name="test_module_fail_when_required_args_missing" file="modules/test_na_cloudmanager_volume.py" line="96" time="0.012" /><testcase classname="modules.test_na_cloudmanager_volume.TestMyModule" name="test_update_volume_idempotency" file="modules/test_na_cloudmanager_volume.py" line="165" time="0.020" /><testcase classname="modules.test_na_cloudmanager_volume.TestMyModule" name="test_update_volume_successfully" file="modules/test_na_cloudmanager_volume.py" line="141" time="0.020" /><testcase classname="modules.test_na_cloudmanager_cvo_gcp.TestMyModule" name="test_change_cloudmanager_cvo_gcp_ha" file="modules/test_na_cloudmanager_cvo_gcp.py" line="437" time="15.067" /><testcase classname="modules.test_na_cloudmanager_cvo_gcp.TestMyModule" name="test_create_cloudmanager_cvo_gcp_capacity_license_pass" file="modules/test_na_cloudmanager_cvo_gcp.py" line="207" time="0.021" /></testsuite></testsuites>